<?xml version="1.0" encoding="UTF-8"?>
<testng-results ignored="0" total="1" passed="1" failed="0" skipped="0">
  <reporter-output>
  </reporter-output>
  <suite started-at="2025-03-21T22:56:54 CET" name="Default suite" finished-at="2025-03-21T22:56:55 CET" duration-ms="42">
    <groups>
    </groups>
    <test started-at="2025-03-21T22:56:54 CET" name="Default test" finished-at="2025-03-21T22:56:55 CET" duration-ms="42">
      <class name="itbootcamp_final_selenium_project.SeleniumTest">
        <test-method signature="test()[pri:0, instance:itbootcamp_final_selenium_project.SeleniumTest@5fbdfdcf]" started-at="2025-03-21T22:56:55 CET" name="test" finished-at="2025-03-21T22:56:55 CET" duration-ms="8" status="PASS">
          <reporter-output>
          </reporter-output>
        </test-method> <!-- test -->
      </class> <!-- itbootcamp_final_selenium_project.SeleniumTest -->
    </test> <!-- Default test -->
  </suite> <!-- Default suite -->
</testng-results>
